<?xml version="1.0" encoding="UTF-8"?>
<!-- Generated by org.testng.reporters.JUnitReportReporter -->
<testsuite hostname="DESKTOP-A7UJ949" failures="0" tests="3" name="sampleApiBDD.sampleApiBDD.GetReq" time="9.957" errors="0" timestamp="2023-05-25T19:57:12 IST" skipped="0">
  <testcase classname="sampleApiBDD.sampleApiBDD.GetReq" name="getFirstNameAndEmail" time="5.697"/>
  <system-out/>
  <testcase classname="sampleApiBDD.sampleApiBDD.GetReq" name="userDetailsPerId" time="3.876"/>
  <system-out/>
  <testcase classname="sampleApiBDD.sampleApiBDD.GetReq" name="validateResponseCode" time="0.384"/>
  <system-out/>
</testsuite> <!-- sampleApiBDD.sampleApiBDD.GetReq -->
